[2025-11-02 22:42:36] [INFO] Application is starting
[2025-11-02 22:42:36] [INFO] Initializing encryption key for database operations
[2025-11-02 22:42:36] [INFO] Environment variable CASINO_ENCRYPTION_KEY not found
[2025-11-02 22:42:36] [INFO] Encryption key file not found at: .encryption_key
[2025-11-02 22:42:36] [WARNING] No existing encryption key found - generating new key
[2025-11-02 22:42:36] [SECURITY] Encryption key saved to file: .encryption_key
[2025-11-02 22:42:36] [SECURITY] New encryption key generated and saved successfully
[2025-11-02 22:42:36] [INFO] Key will persist across application restarts via file: .encryption_key
[2025-11-02 22:42:36] [INFO] For production, consider using environment variable: CASINO_ENCRYPTION_KEY
[2025-11-02 22:42:36] [INFO] Database encryption initialized
[2025-11-02 22:42:36] [INFO] Database connection established
[2025-11-02 22:42:36] [INFO] Foreign keys enabled
[2025-11-02 22:42:36] [INFO] Password hashed successfully
[2025-11-02 22:42:37] [INFO] Password hashed successfully
[2025-11-02 22:42:37] [INFO] Balance encrypted successfully
[2025-11-02 22:42:37] [INFO] Balance encrypted successfully
[2025-11-02 22:42:37] [INFO] Database is initialized
[2025-11-02 22:42:37] [INFO] starting application login flow
[2025-11-02 22:42:39] [INFO] User selected registration option
[2025-11-02 22:42:44] [SECURITY] Registration attempt for username: hsk
[2025-11-02 22:42:44] [INFO] Attempting to insert new user: hsk
[2025-11-02 22:42:44] [INFO] Password hashed successfully
[2025-11-02 22:42:44] [INFO] Balance encrypted successfully
[2025-11-02 22:42:44] [INFO] Initializing statistics for new user: hsk
[2025-11-02 22:42:45] [INFO] Password verification successful
[2025-11-02 22:42:45] [INFO] User statistics successfully registered for User ID: 3
[2025-11-02 22:42:45] [SECURITY] Registration successful for username: hsk
[2025-11-02 22:42:45] [INFO] Retrieving user data for: hsk
[2025-11-02 22:42:45] [INFO] Password verification successful
[2025-11-02 22:42:45] [INFO] Successfully retrieved user data for ID: 3
[2025-11-02 22:42:45] [SECURITY] New user created with ID: 3
[2025-11-02 22:42:45] [INFO] User ID: 3 logged in as regular user
[2025-11-02 22:42:45] [INFO] User ID: 3 (hsk) accessed the main menu
[2025-11-02 22:42:46] [INFO] User ID: 3 selected Play option
[2025-11-02 22:42:46] [INFO] User ID: 3 entered game selection menu
[2025-11-02 22:42:46] [INFO] Retrieving list of games
[2025-11-02 22:42:48] [TRANSACTION] User ID: 3 placed bet of $1.00 on normal slots
[2025-11-02 22:42:48] [INFO] Checking funds for User ID: 3 against limit: 1.00
[2025-11-02 22:42:48] [INFO] Balance decrypted successfully
[2025-11-02 22:42:48] [WARNING] Insufficient funds for User ID: 3. Balance: 0.00, Required: 1.00
[2025-11-02 22:42:48] [WARNING] User ID: 3 attempted to bet $1.00 with insufficient funds
[2025-11-02 22:42:48] [INFO] Retrieving list of games
[2025-11-02 22:42:52] [INFO] User ID: 3 cancelled betting
[2025-11-02 22:42:52] [INFO] Retrieving list of games
[2025-11-02 22:42:55] [INFO] User ID: 3 selected holding game (not implemented)
[2025-11-02 22:42:56] [INFO] User ID: 3 logged out
[2025-11-02 22:42:59] [INFO] User selected exit option
[2025-11-02 22:42:59] [INFO] Application shutting down
